SF:lib/article_app.dart
DA:6,1
DA:8,1
DA:10,1
DA:13,1
DA:14,1
LF:5
LH:5
end_of_record
SF:lib/features/article/view/widgets/article_list.dart
DA:10,1
DA:17,1
DA:19,1
DA:20,0
DA:22,0
DA:24,0
DA:25,0
DA:28,1
DA:29,1
DA:30,1
DA:31,1
DA:34,2
DA:35,1
DA:37,3
DA:39,1
DA:40,1
DA:41,1
DA:42,0
DA:43,0
DA:46,0
LF:20
LH:13
end_of_record
SF:lib/core/configs/styles/app_themes.dart
DA:6,1
DA:7,1
DA:10,1
DA:18,1
DA:19,1
DA:28,1
DA:29,1
DA:31,1
DA:32,1
DA:33,1
DA:47,1
DA:60,1
DA:61,1
DA:62,1
DA:63,1
DA:64,1
DA:65,1
DA:66,1
DA:67,1
DA:68,1
DA:69,1
DA:73,1
DA:74,1
DA:75,1
DA:76,1
DA:77,1
DA:78,1
DA:79,1
DA:80,1
DA:81,1
DA:82,1
LF:31
LH:31
end_of_record
SF:lib/features/article/view/pages/article_list_page.dart
DA:5,1
DA:7,1
DA:8,1
DA:14,1
DA:16,1
DA:17,1
DA:18,1
DA:20,0
DA:21,0
DA:29,2
LF:10
LH:8
end_of_record
SF:lib/core/configs/styles/app_colors.dart
DA:10,1
DA:11,3
DA:13,1
DA:14,1
DA:15,4
DA:16,1
DA:19,1
DA:22,1
DA:23,1
DA:24,1
DA:25,1
DA:26,1
DA:27,1
DA:28,1
DA:30,1
DA:31,1
DA:32,1
DA:33,1
DA:35,2
LF:19
LH:19
end_of_record
SF:lib/core/exceptions/http_exception.dart
DA:2,0
LF:1
LH:0
end_of_record
SF:lib/core/model/cached_resoponse.dart
DA:7,0
DA:14,0
DA:15,0
DA:16,0
DA:17,0
DA:18,0
DA:19,0
DA:20,0
DA:21,0
DA:22,0
DA:23,0
DA:34,0
DA:36,0
DA:37,0
DA:38,0
DA:39,0
DA:40,0
DA:41,0
DA:45,0
DA:46,0
DA:47,0
DA:48,0
DA:49,0
DA:50,0
LF:24
LH:0
end_of_record
SF:lib/core/services/http/dio_http_service.dart
DA:9,1
DA:14,3
DA:16,5
DA:24,1
DA:33,2
DA:34,1
DA:35,1
DA:38,1
DA:45,4
DA:47,2
DA:51,0
DA:52,0
DA:54,0
DA:55,0
DA:59,0
DA:62,0
DA:67,0
DA:72,0
DA:73,0
DA:75,0
DA:76,0
DA:80,0
DA:83,0
DA:86,0
DA:89,0
DA:92,0
LF:26
LH:10
end_of_record
SF:lib/core/services/http/interceptors/cache_interceptor.dart
DA:12,1
DA:16,1
DA:23,3
DA:24,1
DA:25,1
DA:26,2
DA:27,2
DA:33,1
DA:35,1
DA:36,4
DA:37,3
DA:38,3
DA:39,1
DA:40,2
DA:41,2
DA:42,2
DA:43,2
DA:45,2
DA:46,0
DA:48,0
DA:49,0
DA:50,0
DA:51,0
DA:52,0
DA:53,0
DA:54,0
DA:55,0
DA:56,0
DA:59,0
DA:62,1
DA:64,3
DA:65,0
DA:66,0
DA:68,1
DA:69,1
DA:70,1
DA:71,1
DA:72,1
DA:74,2
DA:75,0
DA:77,0
DA:78,0
DA:79,0
DA:80,0
DA:81,0
DA:82,0
DA:83,0
DA:84,0
DA:85,0
DA:88,0
DA:91,0
DA:96,0
DA:97,0
DA:98,0
DA:99,0
DA:100,0
DA:103,0
DA:104,0
DA:105,0
DA:106,0
DA:107,0
DA:108,0
DA:109,0
DA:110,0
DA:111,0
DA:112,0
DA:114,0
DA:115,0
DA:116,0
DA:117,0
DA:118,0
DA:120,0
DA:122,0
DA:125,0
DA:126,0
DA:128,0
DA:129,0
DA:131,0
DA:134,0
DA:135,0
DA:139,0
DA:140,0
LF:82
LH:26
end_of_record
SF:lib/core/services/http/http_service_provider.g.dart
DA:13,0
DA:15,0
DA:17,0
DA:19,0
DA:20,0
DA:23,0
DA:25,0
DA:27,0
DA:28,0
DA:32,1
DA:35,3
LF:11
LH:2
end_of_record
SF:lib/core/services/http/http_service_provider.dart
DA:8,1
DA:10,2
DA:12,1
LF:3
LH:3
end_of_record
SF:lib/core/services/storage/storage_service_provider.g.dart
DA:13,0
DA:15,0
DA:17,0
DA:19,0
DA:20,0
DA:23,0
DA:25,0
DA:27,0
DA:28,0
DA:32,1
DA:35,3
LF:11
LH:2
end_of_record
SF:lib/core/services/storage/storage_service_provider.dart
DA:7,1
DA:9,1
LF:2
LH:2
end_of_record
SF:lib/core/services/storage/hive_storage_service.dart
DA:7,0
DA:8,0
DA:11,0
DA:13,0
DA:16,0
DA:18,0
DA:21,0
DA:23,0
DA:26,0
DA:28,0
DA:31,1
DA:33,1
DA:36,0
DA:38,0
DA:41,0
DA:43,0
DA:46,0
DA:48,0
LF:18
LH:2
end_of_record
SF:lib/core/widgets/app_cached_network_image.dart
DA:10,0
DA:39,0
DA:41,0
DA:42,0
DA:44,0
DA:45,0
DA:46,0
DA:47,0
DA:48,0
DA:49,0
DA:53,0
DA:54,0
DA:55,0
DA:56,0
DA:57,0
DA:58,0
DA:59,0
DA:60,0
LF:18
LH:0
end_of_record
SF:lib/core/widgets/app_loader.dart
DA:4,3
DA:6,1
DA:8,1
DA:9,1
DA:11,3
DA:12,3
LF:6
LH:6
end_of_record
SF:lib/core/widgets/error_view.dart
DA:4,3
DA:6,1
LF:2
LH:2
end_of_record
SF:lib/core/widgets/shimmer.dart
DA:4,0
DA:17,0
DA:18,0
DA:24,0
DA:26,0
DA:29,0
DA:30,0
DA:32,0
DA:33,0
DA:36,0
DA:38,0
DA:39,0
DA:42,0
DA:44,0
DA:45,0
DA:46,0
DA:47,0
DA:48,0
DA:49,0
DA:51,0
LF:20
LH:0
end_of_record
SF:lib/core/widgets/app_html.dart
DA:6,0
DA:10,0
DA:12,0
DA:13,0
DA:14,0
DA:16,0
DA:18,0
DA:19,0
DA:20,0
DA:21,0
LF:10
LH:0
end_of_record
SF:lib/features/article/model/article.dart
DA:5,0
DA:22,0
DA:23,0
DA:24,0
DA:25,0
DA:26,0
DA:27,0
DA:28,0
DA:29,0
DA:30,0
DA:31,0
DA:32,0
DA:33,0
DA:34,0
DA:35,0
DA:36,0
DA:37,0
DA:38,0
DA:40,0
DA:41,0
DA:42,0
DA:44,0
DA:63,0
DA:64,0
DA:65,0
DA:66,0
DA:67,0
DA:68,0
DA:69,0
DA:70,0
DA:71,0
DA:72,0
DA:73,0
DA:74,0
DA:75,0
DA:76,0
DA:77,0
DA:78,0
LF:38
LH:0
end_of_record
SF:lib/features/article/model/author.dart
DA:4,0
DA:13,0
DA:14,0
DA:15,0
DA:16,0
DA:17,0
DA:18,0
DA:19,0
DA:20,0
DA:31,0
DA:32,0
DA:33,0
DA:34,0
DA:35,0
DA:36,0
DA:37,0
DA:38,0
LF:17
LH:0
end_of_record
SF:lib/features/article/provider/article_list_provider.g.dart
DA:13,0
DA:15,1
DA:17,2
DA:19,4
DA:20,2
DA:23,1
DA:25,4
DA:27,2
DA:28,4
DA:32,1
DA:36,1
DA:39,1
DA:40,2
DA:45,1
DA:56,1
DA:58,1
DA:59,3
DA:60,3
DA:63,1
DA:65,3
DA:66,3
DA:67,3
DA:69,1
DA:76,3
DA:79,1
DA:81,1
DA:85,1
DA:91,0
DA:95,0
DA:96,0
DA:97,0
DA:101,0
DA:104,0
DA:107,0
DA:111,0
DA:115,0
DA:117,0
DA:118,0
DA:122,0
DA:132,0
DA:134,0
DA:137,0
DA:139,0
DA:140,0
DA:142,0
DA:149,0
DA:152,0
DA:154,0
DA:157,0
DA:162,0
DA:166,0
DA:167,0
DA:171,0
DA:174,0
DA:177,0
LF:55
LH:26
end_of_record
SF:lib/features/article/provider/article_list_provider.dart
DA:7,1
DA:14,2
DA:15,1
DA:18,0
DA:20,0
LF:5
LH:3
end_of_record
SF:lib/features/article/repository/article_repository.g.dart
DA:13,0
DA:15,0
DA:17,0
DA:19,0
DA:20,0
DA:23,0
DA:25,0
DA:27,0
DA:28,0
DA:32,1
DA:35,3
LF:11
LH:2
end_of_record
SF:lib/features/article/repository/article_repository.dart
DA:8,1
DA:10,2
DA:12,1
LF:3
LH:3
end_of_record
SF:lib/features/article/repository/http_articles_respository.dart
DA:6,1
DA:12,1
DA:19,1
DA:21,0
DA:27,1
DA:29,1
DA:31,2
DA:37,0
DA:38,0
DA:42,0
DA:47,0
DA:48,0
DA:52,0
LF:13
LH:6
end_of_record
SF:lib/features/article/view/pages/article_page.dart
DA:16,0
DA:23,0
DA:25,0
DA:27,0
DA:28,0
DA:30,0
DA:31,0
DA:32,0
DA:33,0
DA:34,0
DA:37,0
DA:45,0
DA:51,0
DA:53,0
DA:54,0
DA:56,0
DA:57,0
DA:58,0
DA:59,0
DA:60,0
DA:61,0
DA:63,0
DA:64,0
DA:65,0
DA:69,0
DA:70,0
DA:71,0
LF:27
LH:0
end_of_record
SF:lib/features/article/view/widgets/article_author.dart
DA:7,0
DA:11,0
DA:13,0
DA:14,0
DA:15,0
DA:26,0
DA:29,0
DA:30,0
DA:31,0
DA:32,0
DA:33,0
DA:35,0
DA:37,0
DA:38,0
DA:39,0
DA:40,0
DA:46,0
DA:47,0
DA:48,0
DA:50,0
DA:51,0
DA:52,0
DA:53,0
DA:56,0
LF:24
LH:0
end_of_record
SF:lib/features/article/view/widgets/article_cover_image.dart
DA:5,0
DA:9,0
DA:11,0
DA:12,0
LF:4
LH:0
end_of_record
SF:lib/features/article/view/widgets/article_info.dart
DA:6,0
DA:11,0
DA:13,0
DA:14,0
DA:15,0
DA:16,0
DA:18,0
DA:19,0
DA:21,0
DA:24,0
DA:25,0
DA:27,0
DA:30,0
DA:32,0
DA:33,0
DA:35,0
DA:37,0
DA:39,0
DA:41,0
DA:43,0
DA:52,0
DA:61,0
DA:63,0
DA:64,0
DA:65,0
DA:66,0
DA:68,0
DA:71,0
DA:72,0
DA:73,0
DA:75,0
LF:31
LH:0
end_of_record
SF:lib/features/article/view/widgets/article_tags.dart
DA:5,0
DA:9,0
DA:11,0
DA:14,0
DA:16,0
DA:17,0
DA:18,0
DA:20,0
DA:21,0
DA:23,0
DA:24,0
DA:25,0
DA:26,0
DA:28,0
LF:14
LH:0
end_of_record
SF:lib/features/article/view/widgets/article_card.dart
DA:10,0
DA:14,0
DA:16,0
DA:17,0
DA:18,0
DA:20,0
DA:21,0
DA:25,0
DA:27,0
DA:28,0
DA:29,0
DA:30,0
DA:31,0
DA:33,0
DA:35,0
DA:36,0
DA:37,0
DA:38,0
DA:42,0
DA:46,0
DA:47,0
DA:48,0
DA:49,0
LF:23
LH:0
end_of_record
